\BOOKMARK [0][-]{section*.1}{\376\377\000D\000e\000c\000l\000a\000r\000a\000t\000i\000o\000n\000\040\000o\000f\000\040\000A\000u\000t\000h\000o\000r\000s\000h\000i\000p}{}% 1
\BOOKMARK [0][-]{section*.2}{\376\377\000A\000c\000k\000n\000o\000w\000l\000e\000d\000g\000e\000m\000e\000n\000t\000s}{}% 2
\BOOKMARK [0][-]{section*.3}{\376\377\000A\000b\000s\000t\000r\000a\000c\000t}{}% 3
\BOOKMARK [0][-]{chapter.6}{\376\377\000I\000n\000t\000r\000o\000d\000u\000c\000t\000i\000o\000n}{}% 4
\BOOKMARK [1][-]{section.7}{\376\377\000B\000a\000c\000k\000g\000r\000o\000u\000n\000d\000\040\000a\000n\000d\000\040\000M\000o\000t\000i\000v\000a\000t\000i\000o\000n}{chapter.6}% 5
\BOOKMARK [1][-]{section.8}{\376\377\000P\000r\000o\000b\000l\000e\000m\000\040\000S\000t\000a\000t\000e\000m\000e\000n\000t}{chapter.6}% 6
\BOOKMARK [1][-]{section.14}{\376\377\000R\000e\000s\000e\000a\000r\000c\000h\000\040\000O\000b\000j\000e\000c\000t\000i\000v\000e\000s}{chapter.6}% 7
\BOOKMARK [1][-]{section.20}{\376\377\000C\000o\000n\000t\000r\000i\000b\000u\000t\000i\000o\000n\000s}{chapter.6}% 8
\BOOKMARK [1][-]{section.27}{\376\377\000T\000h\000e\000s\000i\000s\000\040\000S\000t\000r\000u\000c\000t\000u\000r\000e}{chapter.6}% 9
\BOOKMARK [0][-]{chapter.28}{\376\377\000R\000e\000l\000a\000t\000e\000d\000\040\000W\000o\000r\000k}{}% 10
\BOOKMARK [1][-]{section.29}{\376\377\000V\000i\000s\000u\000a\000l\000\040\000A\000n\000a\000l\000y\000t\000i\000c\000s\000\040\000F\000o\000u\000n\000d\000a\000t\000i\000o\000n\000s}{chapter.28}% 11
\BOOKMARK [1][-]{section.30}{\376\377\000S\000o\000c\000i\000a\000l\000\040\000M\000e\000d\000i\000a\000\040\000S\000e\000n\000t\000i\000m\000e\000n\000t\000\040\000a\000n\000d\000\040\000E\000m\000o\000t\000i\000o\000n\000\040\000V\000i\000s\000u\000a\000l\000i\000z\000a\000t\000i\000o\000n\000\040\000S\000y\000s\000t\000e\000m\000s}{chapter.28}% 12
\BOOKMARK [2][-]{subsection.31}{\376\377\000O\000p\000i\000n\000i\000o\000n\000S\000e\000e\000r}{section.30}% 13
\BOOKMARK [2][-]{subsection.33}{\376\377\000T\000w\000i\000t\000I\000n\000f\000o}{section.30}% 14
\BOOKMARK [2][-]{subsection.35}{\376\377\000E\000m\000o\000V\000i\000z}{section.30}% 15
\BOOKMARK [1][-]{section.37}{\376\377\000E\000m\000o\000t\000i\000o\000n\000\040\000A\000n\000a\000l\000y\000s\000i\000s\000\040\000i\000n\000\040\000S\000o\000c\000i\000a\000l\000\040\000M\000e\000d\000i\000a}{chapter.28}% 16
\BOOKMARK [2][-]{subsection.38}{\376\377\000L\000e\000x\000i\000c\000o\000n\000-\000B\000a\000s\000e\000d\000\040\000A\000p\000p\000r\000o\000a\000c\000h\000e\000s}{section.37}% 17
\BOOKMARK [2][-]{subsection.39}{\376\377\000N\000e\000u\000r\000a\000l\000\040\000N\000e\000t\000w\000o\000r\000k\000\040\000A\000p\000p\000r\000o\000a\000c\000h\000e\000s}{section.37}% 18
\BOOKMARK [2][-]{subsection.40}{\376\377\000T\000r\000a\000n\000s\000f\000o\000r\000m\000e\000r\000-\000B\000a\000s\000e\000d\000\040\000A\000p\000p\000r\000o\000a\000c\000h\000e\000s}{section.37}% 19
\BOOKMARK [2][-]{subsection.41}{\376\377\000E\000v\000a\000l\000u\000a\000t\000i\000o\000n\000\040\000o\000f\000\040\000E\000m\000o\000t\000i\000o\000n\000\040\000M\000o\000d\000e\000l\000s}{section.37}% 20
\BOOKMARK [1][-]{section.42}{\376\377\000G\000e\000o\000g\000r\000a\000p\000h\000i\000c\000\040\000a\000n\000d\000\040\000T\000e\000m\000p\000o\000r\000a\000l\000\040\000V\000i\000s\000u\000a\000l\000i\000z\000a\000t\000i\000o\000n}{chapter.28}% 21
\BOOKMARK [2][-]{subsection.43}{\376\377\000G\000e\000o\000g\000r\000a\000p\000h\000i\000c\000\040\000V\000i\000s\000u\000a\000l\000i\000z\000a\000t\000i\000o\000n\000\040\000S\000y\000s\000t\000e\000m\000s}{section.42}% 22
\BOOKMARK [2][-]{subsection.45}{\376\377\000T\000e\000m\000p\000o\000r\000a\000l\000\040\000V\000i\000s\000u\000a\000l\000i\000z\000a\000t\000i\000o\000n\000\040\000T\000e\000c\000h\000n\000i\000q\000u\000e\000s}{section.42}% 23
\BOOKMARK [1][-]{section.46}{\376\377\000R\000e\000a\000l\000-\000T\000i\000m\000e\000\040\000D\000a\000t\000a\000\040\000P\000r\000o\000c\000e\000s\000s\000i\000n\000g}{chapter.28}% 24
\BOOKMARK [1][-]{section.47}{\376\377\000C\000o\000n\000v\000e\000r\000s\000a\000t\000i\000o\000n\000a\000l\000\040\000I\000n\000t\000e\000r\000f\000a\000c\000e\000s\000\040\000f\000o\000r\000\040\000D\000a\000t\000a\000\040\000E\000x\000p\000l\000o\000r\000a\000t\000i\000o\000n}{chapter.28}% 25
\BOOKMARK [1][-]{section.48}{\376\377\000S\000u\000m\000m\000a\000r\000y}{chapter.28}% 26
\BOOKMARK [0][-]{chapter.49}{\376\377\000P\000r\000e\000v\000i\000o\000u\000s\000\040\000S\000y\000s\000t\000e\000m\000\040\000a\000n\000d\000\040\000D\000a\000t\000a\000s\000e\000t}{}% 27
\BOOKMARK [1][-]{section.50}{\376\377\000T\000h\000e\000\040\000T\000E\000C\000V\000i\000s\000\040\000S\000y\000s\000t\000e\000m}{chapter.49}% 28
\BOOKMARK [2][-]{subsection.51}{\376\377\000A\000r\000c\000h\000i\000t\000e\000c\000t\000u\000r\000e}{section.50}% 29
\BOOKMARK [2][-]{subsection.59}{\376\377\000V\000i\000s\000u\000a\000l\000i\000z\000a\000t\000i\000o\000n\000\040\000F\000e\000a\000t\000u\000r\000e\000s}{section.50}% 30
\BOOKMARK [2][-]{subsection.60}{\376\377\000S\000t\000r\000e\000n\000g\000t\000h\000s\000\040\000o\000f\000\040\000T\000E\000C\000V\000i\000s}{section.50}% 31
\BOOKMARK [1][-]{section.61}{\376\377\000T\000h\000e\000\040\000T\000E\000C\000V\000i\000s\000\040\000D\000a\000t\000a\000s\000e\000t}{chapter.49}% 32
\BOOKMARK [2][-]{subsection.62}{\376\377\000D\000a\000t\000a\000\040\000C\000o\000l\000l\000e\000c\000t\000i\000o\000n}{section.61}% 33
\BOOKMARK [2][-]{subsection.63}{\376\377\000D\000a\000t\000a\000\040\000C\000h\000a\000r\000a\000c\000t\000e\000r\000i\000s\000t\000i\000c\000s}{section.61}% 34
\BOOKMARK [2][-]{subsection.64}{\376\377\000C\000h\000a\000r\000a\000c\000t\000e\000r\000i\000s\000t\000i\000c\000s\000\040\000o\000f\000\040\000L\000e\000x\000i\000c\000o\000n\000-\000B\000a\000s\000e\000d\000\040\000M\000e\000t\000h\000o\000d\000s}{section.61}% 35
\BOOKMARK [1][-]{section.65}{\376\377\000S\000u\000m\000m\000a\000r\000y}{chapter.49}% 36
\BOOKMARK [0][-]{chapter.66}{\376\377\000S\000y\000s\000t\000e\000m\000\040\000A\000r\000c\000h\000i\000t\000e\000c\000t\000u\000r\000e}{}% 37
\BOOKMARK [1][-]{section.67}{\376\377\000M\000o\000t\000i\000v\000a\000t\000i\000o\000n\000\040\000a\000n\000d\000\040\000C\000o\000n\000t\000r\000i\000b\000u\000t\000i\000o\000n\000s}{chapter.66}% 38
\BOOKMARK [1][-]{section.71}{\376\377\000M\000o\000d\000e\000l\000\040\000S\000e\000l\000e\000c\000t\000i\000o\000n\000\040\000a\000n\000d\000\040\000E\000v\000a\000l\000u\000a\000t\000i\000o\000n}{chapter.66}% 39
\BOOKMARK [2][-]{subsection.72}{\376\377\000E\000v\000a\000l\000u\000a\000t\000i\000o\000n\000\040\000F\000r\000a\000m\000e\000w\000o\000r\000k}{section.71}% 40
\BOOKMARK [2][-]{subsection.73}{\376\377\000M\000o\000d\000e\000l\000\040\000C\000o\000m\000p\000a\000r\000i\000s\000o\000n}{section.71}% 41
\BOOKMARK [2][-]{subsection.74}{\376\377\000S\000e\000l\000e\000c\000t\000i\000o\000n\000\040\000R\000a\000t\000i\000o\000n\000a\000l\000e}{section.71}% 42
\BOOKMARK [1][-]{section.75}{\376\377\000A\000r\000c\000h\000i\000t\000e\000c\000t\000u\000r\000e\000\040\000O\000v\000e\000r\000v\000i\000e\000w}{chapter.66}% 43
\BOOKMARK [1][-]{section.77}{\376\377\000D\000a\000t\000a\000\040\000I\000n\000g\000e\000s\000t\000i\000o\000n\000\040\000L\000a\000y\000e\000r}{chapter.66}% 44
\BOOKMARK [2][-]{subsection.78}{\376\377\000T\000w\000e\000e\000t\000\040\000G\000e\000n\000e\000r\000a\000t\000i\000o\000n\000\040\000A\000g\000e\000n\000t}{section.77}% 45
\BOOKMARK [2][-]{subsection.79}{\376\377\000A\000p\000a\000c\000h\000e\000\040\000K\000a\000f\000k\000a\000\040\000M\000e\000s\000s\000a\000g\000e\000\040\000B\000r\000o\000k\000e\000r}{section.77}% 46
\BOOKMARK [1][-]{section.80}{\376\377\000D\000a\000t\000a\000\040\000P\000r\000o\000c\000e\000s\000s\000i\000n\000g\000\040\000L\000a\000y\000e\000r}{chapter.66}% 47
\BOOKMARK [2][-]{subsection.81}{\376\377\000R\000a\000w\000\040\000D\000a\000t\000a\000\040\000C\000o\000n\000s\000u\000m\000e\000r}{section.80}% 48
\BOOKMARK [2][-]{subsection.82}{\376\377\000N\000L\000P\000\040\000C\000o\000n\000s\000u\000m\000e\000r}{section.80}% 49
\BOOKMARK [1][-]{section.83}{\376\377\000N\000L\000P\000\040\000P\000i\000p\000e\000l\000i\000n\000e}{chapter.66}% 50
\BOOKMARK [2][-]{subsection.84}{\376\377\000P\000r\000e\000p\000r\000o\000c\000e\000s\000s\000i\000n\000g}{section.83}% 51
\BOOKMARK [2][-]{subsection.85}{\376\377\000E\000m\000o\000t\000i\000o\000n\000\040\000D\000e\000t\000e\000c\000t\000i\000o\000n}{section.83}% 52
\BOOKMARK [2][-]{subsection.86}{\376\377\000S\000e\000n\000t\000i\000m\000e\000n\000t\000\040\000C\000l\000a\000s\000s\000i\000f\000i\000c\000a\000t\000i\000o\000n}{section.83}% 53
\BOOKMARK [2][-]{subsection.87}{\376\377\000P\000e\000r\000f\000o\000r\000m\000a\000n\000c\000e}{section.83}% 54
\BOOKMARK [1][-]{section.88}{\376\377\000D\000a\000t\000a\000\040\000S\000t\000o\000r\000a\000g\000e\000\040\000L\000a\000y\000e\000r}{chapter.66}% 55
\BOOKMARK [2][-]{subsection.89}{\376\377\000P\000o\000s\000t\000g\000r\000e\000S\000Q\000L\000\040\000D\000a\000t\000a\000b\000a\000s\000e}{section.88}% 56
\BOOKMARK [2][-]{subsection.90}{\376\377\000I\000n\000d\000e\000x\000i\000n\000g\000\040\000S\000t\000r\000a\000t\000e\000g\000y}{section.88}% 57
\BOOKMARK [1][-]{section.91}{\376\377\000A\000P\000I\000\040\000L\000a\000y\000e\000r}{chapter.66}% 58
\BOOKMARK [2][-]{subsection.92}{\376\377\000R\000E\000S\000T\000\040\000A\000P\000I}{section.91}% 59
\BOOKMARK [2][-]{subsection.93}{\376\377\000S\000e\000r\000v\000e\000r\000-\000S\000e\000n\000t\000\040\000E\000v\000e\000n\000t\000s\000\040\000\050\000S\000S\000E\000\051}{section.91}% 60
\BOOKMARK [1][-]{section.94}{\376\377\000V\000i\000s\000u\000a\000l\000i\000z\000a\000t\000i\000o\000n\000\040\000L\000a\000y\000e\000r}{chapter.66}% 61
\BOOKMARK [2][-]{subsection.95}{\376\377\000F\000r\000o\000n\000t\000e\000n\000d\000\040\000A\000r\000c\000h\000i\000t\000e\000c\000t\000u\000r\000e}{section.94}% 62
\BOOKMARK [2][-]{subsection.96}{\376\377\000I\000n\000h\000e\000r\000i\000t\000e\000d\000\040\000V\000i\000s\000u\000a\000l\000i\000z\000a\000t\000i\000o\000n\000s}{section.94}% 63
\BOOKMARK [2][-]{subsection.97}{\376\377\000E\000n\000h\000a\000n\000c\000e\000d\000\040\000V\000i\000s\000u\000a\000l\000i\000z\000a\000t\000i\000o\000n\000s}{section.94}% 64
\BOOKMARK [1][-]{section.98}{\376\377\000C\000h\000a\000t\000b\000o\000t\000\040\000A\000r\000c\000h\000i\000t\000e\000c\000t\000u\000r\000e}{chapter.66}% 65
\BOOKMARK [2][-]{subsection.99}{\376\377\000L\000o\000c\000a\000l\000\040\000L\000L\000M\000\040\000R\000u\000n\000t\000i\000m\000e}{section.98}% 66
\BOOKMARK [2][-]{subsection.100}{\376\377\000N\000L\0002\000S\000Q\000L\000\040\000T\000r\000a\000n\000s\000l\000a\000t\000i\000o\000n}{section.98}% 67
\BOOKMARK [2][-]{subsection.101}{\376\377\000C\000h\000a\000r\000t\000\040\000S\000u\000g\000g\000e\000s\000t\000i\000o\000n\000\040\000A\000g\000e\000n\000t}{section.98}% 68
\BOOKMARK [2][-]{subsection.102}{\376\377\000R\000e\000s\000p\000o\000n\000s\000e\000\040\000G\000e\000n\000e\000r\000a\000t\000i\000o\000n}{section.98}% 69
\BOOKMARK [1][-]{section.103}{\376\377\000D\000e\000s\000i\000g\000n\000\040\000P\000r\000i\000n\000c\000i\000p\000l\000e\000s}{chapter.66}% 70
\BOOKMARK [1][-]{section.104}{\376\377\000S\000u\000m\000m\000a\000r\000y}{chapter.66}% 71
\BOOKMARK [0][-]{chapter.105}{\376\377\000S\000y\000s\000t\000e\000m\000\040\000D\000e\000s\000c\000r\000i\000p\000t\000i\000o\000n}{}% 72
\BOOKMARK [1][-]{section.106}{\376\377\000T\000E\000C\000V\000i\000s\000\040\0001\000.\0000\000\040\000V\000i\000s\000u\000a\000l\000i\000z\000a\000t\000i\000o\000n\000s}{chapter.105}% 73
\BOOKMARK [2][-]{subsection.107}{\376\377\000D\000o\000t\000\040\000P\000l\000o\000t\000\040\000V\000i\000s\000u\000a\000l\000i\000z\000a\000t\000i\000o\000n}{section.106}% 74
\BOOKMARK [1][-]{section.109}{\376\377\000T\000E\000C\000V\000i\000s\000\040\0002\000.\0000\000\040\000E\000n\000h\000a\000n\000c\000e\000m\000e\000n\000t\000s}{chapter.105}% 75
\BOOKMARK [2][-]{subsection.110}{\376\377\000N\000e\000w\000\040\000T\000i\000m\000e\000\040\000S\000e\000r\000i\000e\000s\000\040\000V\000i\000s\000u\000a\000l\000i\000z\000a\000t\000i\000o\000n\000s}{section.109}% 76
\BOOKMARK [3][-]{section*.111}{\376\377\000H\000o\000r\000i\000z\000o\000n\000\040\000C\000h\000a\000r\000t\000s\000:\000\040\000E\000m\000o\000t\000i\000o\000n\000s\000\040\000A\000c\000r\000o\000s\000s\000\040\000a\000\040\000S\000t\000a\000t\000e}{subsection.110}% 77
\BOOKMARK [3][-]{section*.113}{\376\377\000G\000e\000o\000g\000r\000a\000p\000h\000i\000c\000\040\000E\000m\000o\000t\000i\000o\000n\000\040\000C\000o\000m\000p\000a\000r\000i\000s\000o\000n}{subsection.110}% 78
\BOOKMARK [3][-]{section*.115}{\376\377\000E\000m\000o\000t\000i\000o\000n\000\040\000D\000i\000f\000f\000e\000r\000e\000n\000c\000e\000\040\000a\000n\000d\000\040\000R\000a\000d\000a\000r\000\040\000C\000h\000a\000r\000t\000s}{subsection.110}% 79
\BOOKMARK [1][-]{section.117}{\376\377\000R\000e\000a\000l\000-\000T\000i\000m\000e\000\040\000P\000r\000o\000c\000e\000s\000s\000i\000n\000g\000\040\000I\000m\000p\000l\000e\000m\000e\000n\000t\000a\000t\000i\000o\000n}{chapter.105}% 80
\BOOKMARK [2][-]{subsection.118}{\376\377\000D\000a\000t\000a\000\040\000I\000n\000g\000e\000s\000t\000i\000o\000n}{section.117}% 81
\BOOKMARK [2][-]{subsection.119}{\376\377\000N\000L\000P\000\040\000P\000i\000p\000e\000l\000i\000n\000e}{section.117}% 82
\BOOKMARK [2][-]{subsection.120}{\376\377\000D\000a\000t\000a\000b\000a\000s\000e\000\040\000a\000n\000d\000\040\000A\000P\000I}{section.117}% 83
\BOOKMARK [1][-]{section.122}{\376\377\000C\000o\000n\000v\000e\000r\000s\000a\000t\000i\000o\000n\000a\000l\000\040\000I\000n\000t\000e\000r\000f\000a\000c\000e}{chapter.105}% 84
\BOOKMARK [2][-]{subsection.124}{\376\377\000Q\000u\000e\000r\000y\000\040\000I\000n\000t\000e\000r\000f\000a\000c\000e}{section.122}% 85
\BOOKMARK [2][-]{subsection.127}{\376\377\000Q\000u\000e\000r\000y\000\040\000a\000n\000d\000\040\000R\000e\000s\000u\000l\000t\000\040\000V\000a\000r\000i\000a\000b\000i\000l\000i\000t\000y}{section.122}% 86
\BOOKMARK [2][-]{subsection.130}{\376\377\000C\000h\000a\000r\000t\000\040\000S\000e\000l\000e\000c\000t\000i\000o\000n}{section.122}% 87
\BOOKMARK [1][-]{section.131}{\376\377\000S\000u\000m\000m\000a\000r\000y}{chapter.105}% 88
\BOOKMARK [0][-]{chapter.132}{\376\377\000E\000v\000a\000l\000u\000a\000t\000i\000o\000n}{}% 89
\BOOKMARK [1][-]{section.133}{\376\377\000S\000y\000s\000t\000e\000m\000\040\000P\000e\000r\000f\000o\000r\000m\000a\000n\000c\000e}{chapter.132}% 90
\BOOKMARK [2][-]{subsection.134}{\376\377\000E\000n\000d\000-\000t\000o\000-\000E\000n\000d\000\040\000L\000a\000t\000e\000n\000c\000y}{section.133}% 91
\BOOKMARK [2][-]{subsection.135}{\376\377\000T\000h\000r\000o\000u\000g\000h\000p\000u\000t\000\040\000a\000n\000d\000\040\000S\000c\000a\000l\000a\000b\000i\000l\000i\000t\000y}{section.133}% 92
\BOOKMARK [2][-]{subsection.136}{\376\377\000D\000a\000t\000a\000b\000a\000s\000e\000\040\000P\000e\000r\000f\000o\000r\000m\000a\000n\000c\000e}{section.133}% 93
\BOOKMARK [1][-]{section.137}{\376\377\000M\000o\000d\000e\000l\000\040\000P\000e\000r\000f\000o\000r\000m\000a\000n\000c\000e}{chapter.132}% 94
\BOOKMARK [2][-]{subsection.138}{\376\377\000E\000m\000o\000t\000i\000o\000n\000\040\000D\000e\000t\000e\000c\000t\000i\000o\000n\000\040\000A\000c\000c\000u\000r\000a\000c\000y}{section.137}% 95
\BOOKMARK [2][-]{subsection.139}{\376\377\000I\000n\000f\000e\000r\000e\000n\000c\000e\000\040\000S\000p\000e\000e\000d}{section.137}% 96
\BOOKMARK [2][-]{subsection.140}{\376\377\000C\000o\000m\000p\000a\000r\000i\000s\000o\000n\000\040\000w\000i\000t\000h\000\040\000O\000t\000h\000e\000r\000\040\000M\000o\000d\000e\000l\000s}{section.137}% 97
\BOOKMARK [1][-]{section.142}{\376\377\000C\000h\000a\000t\000b\000o\000t\000\040\000P\000e\000r\000f\000o\000r\000m\000a\000n\000c\000e}{chapter.132}% 98
\BOOKMARK [2][-]{subsection.143}{\376\377\000N\000L\0002\000S\000Q\000L\000\040\000A\000c\000c\000u\000r\000a\000c\000y}{section.142}% 99
\BOOKMARK [2][-]{subsection.144}{\376\377\000C\000h\000a\000r\000t\000\040\000S\000e\000l\000e\000c\000t\000i\000o\000n\000\040\000A\000c\000c\000u\000r\000a\000c\000y}{section.142}% 100
\BOOKMARK [2][-]{subsection.145}{\376\377\000R\000e\000s\000p\000o\000n\000s\000e\000\040\000Q\000u\000a\000l\000i\000t\000y}{section.142}% 101
\BOOKMARK [1][-]{section.146}{\376\377\000C\000o\000m\000p\000a\000r\000i\000s\000o\000n\000\040\000w\000i\000t\000h\000\040\000T\000E\000C\000V\000i\000s}{chapter.132}% 102
\BOOKMARK [1][-]{section.147}{\376\377\000U\000s\000e\000r\000\040\000E\000x\000p\000e\000r\000i\000e\000n\000c\000e\000\040\000E\000v\000a\000l\000u\000a\000t\000i\000o\000n}{chapter.132}% 103
\BOOKMARK [2][-]{subsection.148}{\376\377\000U\000s\000e\000r\000\040\000E\000x\000p\000e\000r\000i\000e\000n\000c\000e\000\040\000E\000v\000a\000l\000u\000a\000t\000i\000o\000n}{section.147}% 104
\BOOKMARK [1][-]{section.149}{\376\377\000D\000e\000s\000i\000g\000n\000\040\000C\000o\000n\000s\000i\000d\000e\000r\000a\000t\000i\000o\000n\000s}{chapter.132}% 105
\BOOKMARK [1][-]{section.150}{\376\377\000S\000u\000m\000m\000a\000r\000y}{chapter.132}% 106
\BOOKMARK [0][-]{chapter.151}{\376\377\000C\000o\000n\000c\000l\000u\000s\000i\000o\000n\000\040\000a\000n\000d\000\040\000F\000u\000t\000u\000r\000e\000\040\000W\000o\000r\000k}{}% 107
\BOOKMARK [1][-]{section.152}{\376\377\000S\000u\000m\000m\000a\000r\000y\000\040\000o\000f\000\040\000C\000o\000n\000t\000r\000i\000b\000u\000t\000i\000o\000n\000s}{chapter.151}% 108
\BOOKMARK [1][-]{section.153}{\376\377\000I\000n\000s\000i\000g\000h\000t\000s\000\040\000G\000a\000i\000n\000e\000d}{chapter.151}% 109
\BOOKMARK [1][-]{section.154}{\376\377\000R\000e\000s\000e\000a\000r\000c\000h\000\040\000C\000o\000n\000t\000r\000i\000b\000u\000t\000i\000o\000n\000s}{chapter.151}% 110
\BOOKMARK [1][-]{section.155}{\376\377\000F\000u\000t\000u\000r\000e\000\040\000W\000o\000r\000k}{chapter.151}% 111
\BOOKMARK [1][-]{section.156}{\376\377\000C\000o\000n\000c\000l\000u\000s\000i\000o\000n}{chapter.151}% 112
